<?xml version="1.0" encoding="UTF-8"?>
<!-- Generated by org.testng.reporters.JUnitReportReporter -->
<testsuite skipped="0" hostname="CDC2-D-6QCBH92" name="SeleniumDemo.NewTest" tests="1" failures="0" timestamp="26 Jul 2019 04:32:07 GMT" time="12.049" errors="0">
  <testcase name="search" time="12.049" classname="SeleniumDemo.NewTest"/>
</testsuite> <!-- SeleniumDemo.NewTest -->
